Determining if the pthread_create exist failed with the following output:
Change Dir: /home/ubuntu/Desktop/2017-2018-Matabots-In-the-Zone/CSUN2/jetsonCode/catkin_ws/build/CMakeFiles/CMakeTmp

Run Build Command:"/usr/bin/make" "cmTC_e37bf/fast"
/usr/bin/make -f CMakeFiles/cmTC_e37bf.dir/build.make CMakeFiles/cmTC_e37bf.dir/build
make[1]: Entering directory '/home/ubuntu/Desktop/2017-2018-Matabots-In-the-Zone/CSUN2/jetsonCode/catkin_ws/build/CMakeFiles/CMakeTmp'
Building C object CMakeFiles/cmTC_e37bf.dir/CheckSymbolExists.c.o
/usr/bin/cc     -o CMakeFiles/cmTC_e37bf.dir/CheckSymbolExists.c.o   -c /home/ubuntu/Desktop/2017-2018-Matabots-In-the-Zone/CSUN2/jetsonCode/catkin_ws/build/CMakeFiles/CMakeTmp/CheckSymbolExists.c
Linking C executable cmTC_e37bf
/usr/bin/cmake -E cmake_link_script CMakeFiles/cmTC_e37bf.dir/link.txt --verbose=1
/usr/bin/cc       CMakeFiles/cmTC_e37bf.dir/CheckSymbolExists.c.o  -o cmTC_e37bf -rdynamic 
CMakeFiles/cmTC_e37bf.dir/CheckSymbolExists.c.o: In function `main':
CheckSymbolExists.c:(.text+0xe): undefined reference to `pthread_create'
CheckSymbolExists.c:(.text+0x12): undefined reference to `pthread_create'
collect2: error: ld returned 1 exit status
CMakeFiles/cmTC_e37bf.dir/build.make:97: recipe for target 'cmTC_e37bf' failed
make[1]: *** [cmTC_e37bf] Error 1
make[1]: Leaving directory '/home/ubuntu/Desktop/2017-2018-Matabots-In-the-Zone/CSUN2/jetsonCode/catkin_ws/build/CMakeFiles/CMakeTmp'
Makefile:126: recipe for target 'cmTC_e37bf/fast' failed
make: *** [cmTC_e37bf/fast] Error 2

File /home/ubuntu/Desktop/2017-2018-Matabots-In-the-Zone/CSUN2/jetsonCode/catkin_ws/build/CMakeFiles/CMakeTmp/CheckSymbolExists.c:
/* */
#include <pthread.h>

int main(int argc, char** argv)
{
  (void)argv;
#ifndef pthread_create
  return ((int*)(&pthread_create))[argc];
#else
  (void)argc;
  return 0;
#endif
}

Determining if the function pthread_create exists in the pthreads failed with the following output:
Change Dir: /home/ubuntu/Desktop/2017-2018-Matabots-In-the-Zone/CSUN2/jetsonCode/catkin_ws/build/CMakeFiles/CMakeTmp

Run Build Command:"/usr/bin/make" "cmTC_90f20/fast"
/usr/bin/make -f CMakeFiles/cmTC_90f20.dir/build.make CMakeFiles/cmTC_90f20.dir/build
make[1]: Entering directory '/home/ubuntu/Desktop/2017-2018-Matabots-In-the-Zone/CSUN2/jetsonCode/catkin_ws/build/CMakeFiles/CMakeTmp'
Building C object CMakeFiles/cmTC_90f20.dir/CheckFunctionExists.c.o
/usr/bin/cc    -DCHECK_FUNCTION_EXISTS=pthread_create   -o CMakeFiles/cmTC_90f20.dir/CheckFunctionExists.c.o   -c /usr/share/cmake-3.5/Modules/CheckFunctionExists.c
Linking C executable cmTC_90f20
/usr/bin/cmake -E cmake_link_script CMakeFiles/cmTC_90f20.dir/link.txt --verbose=1
/usr/bin/cc   -DCHECK_FUNCTION_EXISTS=pthread_create    CMakeFiles/cmTC_90f20.dir/CheckFunctionExists.c.o  -o cmTC_90f20 -rdynamic -lpthreads 
/usr/bin/ld: cannot find -lpthreads
collect2: error: ld returned 1 exit status
CMakeFiles/cmTC_90f20.dir/build.make:97: recipe for target 'cmTC_90f20' failed
make[1]: *** [cmTC_90f20] Error 1
make[1]: Leaving directory '/home/ubuntu/Desktop/2017-2018-Matabots-In-the-Zone/CSUN2/jetsonCode/catkin_ws/build/CMakeFiles/CMakeTmp'
Makefile:126: recipe for target 'cmTC_90f20/fast' failed
make: *** [cmTC_90f20/fast] Error 2


